2023-04-04T17:13:22.333+05:30  INFO 20356 --- [restartedMain] c.e.log4j.logging.LoggingApplication     : Starting LoggingApplication using Java 19.0.2 with PID 20356 (E:\Iauro\logging\logging\target\classes started by lenovo in E:\Iauro\logging\logging)
2023-04-04T17:13:22.337+05:30  INFO 20356 --- [restartedMain] c.e.log4j.logging.LoggingApplication     : No active profile set, falling back to 1 default profile: "default"
2023-04-04T17:13:22.451+05:30  INFO 20356 --- [restartedMain] .e.DevToolsPropertyDefaultsPostProcessor : Devtools property defaults active! Set 'spring.devtools.add-properties' to 'false' to disable
2023-04-04T17:13:22.451+05:30  INFO 20356 --- [restartedMain] .e.DevToolsPropertyDefaultsPostProcessor : For additional web related logging consider setting the 'logging.level.web' property to 'DEBUG'
2023-04-04T17:13:23.941+05:30  INFO 20356 --- [restartedMain] o.s.b.w.embedded.tomcat.TomcatWebServer  : Tomcat initialized with port(s): 8080 (http)
2023-04-04T17:13:23.942+05:30  INFO 20356 --- [restartedMain] o.a.catalina.core.AprLifecycleListener   : An older version [1.2.36] of the Apache Tomcat Native library is installed, while Tomcat recommends a minimum version of [2.0.1]
2023-04-04T17:13:23.944+05:30  INFO 20356 --- [restartedMain] o.a.catalina.core.AprLifecycleListener   : Loaded Apache Tomcat Native library [1.2.36] using APR version [1.7.2].
2023-04-04T17:13:23.947+05:30  INFO 20356 --- [restartedMain] o.a.catalina.core.AprLifecycleListener   : OpenSSL successfully initialized [OpenSSL 1.1.1t  7 Feb 2023]
2023-04-04T17:13:23.957+05:30  INFO 20356 --- [restartedMain] o.apache.catalina.core.StandardService   : Starting service [Tomcat]
2023-04-04T17:13:23.957+05:30  INFO 20356 --- [restartedMain] o.apache.catalina.core.StandardEngine    : Starting Servlet engine: [Apache Tomcat/10.1.5]
2023-04-04T17:13:24.106+05:30  INFO 20356 --- [restartedMain] o.a.c.c.C.[Tomcat].[localhost].[/]       : Initializing Spring embedded WebApplicationContext
2023-04-04T17:13:24.107+05:30  INFO 20356 --- [restartedMain] w.s.c.ServletWebServerApplicationContext : Root WebApplicationContext: initialization completed in 1654 ms
2023-04-04T17:13:24.837+05:30  INFO 20356 --- [restartedMain] o.s.b.d.a.OptionalLiveReloadServer       : LiveReload server is running on port 35729
2023-04-04T17:13:24.897+05:30  INFO 20356 --- [restartedMain] o.s.b.w.embedded.tomcat.TomcatWebServer  : Tomcat started on port(s): 8080 (http) with context path ''
2023-04-04T17:13:24.918+05:30  INFO 20356 --- [restartedMain] c.e.log4j.logging.LoggingApplication     : Started LoggingApplication in 3.314 seconds (process running for 4.684)
2023-04-04T17:13:24.924+05:30  INFO 20356 --- [restartedMain] c.e.log4j.logging.LoggingApplication     : this is info
2023-04-04T17:13:24.924+05:30  INFO 20356 --- [task-1] c.e.log4j.logging.LoggingApplication     : schedule time 04-04-2023 17:04:92
2023-04-04T17:13:24.925+05:30 ERROR 20356 --- [restartedMain] c.e.log4j.logging.LoggingApplication     : this is error
2023-04-04T17:13:24.925+05:30  WARN 20356 --- [restartedMain] c.e.log4j.logging.LoggingApplication     : this is warn
2023-04-04T17:13:24.925+05:30 ERROR 20356 --- [restartedMain] c.e.log4j.logging.LoggingApplication     : this is fatal
2023-04-04T17:13:29.926+05:30  INFO 20356 --- [task-2] c.e.log4j.logging.LoggingApplication     : schedule time 04-04-2023 17:04:92
2023-04-04T17:13:34.932+05:30  INFO 20356 --- [task-3] c.e.log4j.logging.LoggingApplication     : schedule time 04-04-2023 17:04:93
2023-04-04T17:13:39.948+05:30  INFO 20356 --- [task-4] c.e.log4j.logging.LoggingApplication     : schedule time 04-04-2023 17:04:94
2023-04-04T17:13:44.961+05:30  INFO 20356 --- [task-5] c.e.log4j.logging.LoggingApplication     : schedule time 04-04-2023 17:04:96
2023-04-04T17:13:51.567+05:30  INFO 20356 --- [task-6] c.e.log4j.logging.LoggingApplication     : schedule time 04-04-2023 17:04:56
