2023-04-04T17:11:02.261+05:30  INFO 12712 --- [restartedMain] c.e.log4j.logging.LoggingApplication     : Starting LoggingApplication using Java 19.0.2 with PID 12712 (E:\Iauro\logging\logging\target\classes started by lenovo in E:\Iauro\logging\logging)
2023-04-04T17:11:02.264+05:30  INFO 12712 --- [restartedMain] c.e.log4j.logging.LoggingApplication     : No active profile set, falling back to 1 default profile: "default"
2023-04-04T17:11:02.347+05:30  INFO 12712 --- [restartedMain] .e.DevToolsPropertyDefaultsPostProcessor : Devtools property defaults active! Set 'spring.devtools.add-properties' to 'false' to disable
2023-04-04T17:11:02.348+05:30  INFO 12712 --- [restartedMain] .e.DevToolsPropertyDefaultsPostProcessor : For additional web related logging consider setting the 'logging.level.web' property to 'DEBUG'
2023-04-04T17:11:03.966+05:30  INFO 12712 --- [restartedMain] o.s.b.w.embedded.tomcat.TomcatWebServer  : Tomcat initialized with port(s): 8080 (http)
2023-04-04T17:11:03.967+05:30  INFO 12712 --- [restartedMain] o.a.catalina.core.AprLifecycleListener   : An older version [1.2.36] of the Apache Tomcat Native library is installed, while Tomcat recommends a minimum version of [2.0.1]
2023-04-04T17:11:03.968+05:30  INFO 12712 --- [restartedMain] o.a.catalina.core.AprLifecycleListener   : Loaded Apache Tomcat Native library [1.2.36] using APR version [1.7.2].
2023-04-04T17:11:03.972+05:30  INFO 12712 --- [restartedMain] o.a.catalina.core.AprLifecycleListener   : OpenSSL successfully initialized [OpenSSL 1.1.1t  7 Feb 2023]
2023-04-04T17:11:03.982+05:30  INFO 12712 --- [restartedMain] o.apache.catalina.core.StandardService   : Starting service [Tomcat]
2023-04-04T17:11:03.984+05:30  INFO 12712 --- [restartedMain] o.apache.catalina.core.StandardEngine    : Starting Servlet engine: [Apache Tomcat/10.1.5]
2023-04-04T17:11:04.061+05:30  INFO 12712 --- [restartedMain] o.a.c.c.C.[Tomcat].[localhost].[/]       : Initializing Spring embedded WebApplicationContext
2023-04-04T17:11:04.061+05:30  INFO 12712 --- [restartedMain] w.s.c.ServletWebServerApplicationContext : Root WebApplicationContext: initialization completed in 1712 ms
2023-04-04T17:11:05.045+05:30  INFO 12712 --- [restartedMain] o.s.b.d.a.OptionalLiveReloadServer       : LiveReload server is running on port 35729
2023-04-04T17:11:05.129+05:30  INFO 12712 --- [restartedMain] o.s.b.w.embedded.tomcat.TomcatWebServer  : Tomcat started on port(s): 8080 (http) with context path ''
2023-04-04T17:11:05.154+05:30  INFO 12712 --- [restartedMain] c.e.log4j.logging.LoggingApplication     : Started LoggingApplication in 3.604 seconds (process running for 4.963)
2023-04-04T17:11:05.165+05:30  INFO 12712 --- [task-1] c.e.log4j.logging.LoggingApplication     : schedule time 04-04-2023 17:04:16
2023-04-04T17:11:05.165+05:30  INFO 12712 --- [restartedMain] c.e.log4j.logging.LoggingApplication     : this is info
2023-04-04T17:11:05.166+05:30 ERROR 12712 --- [restartedMain] c.e.log4j.logging.LoggingApplication     : this is error
2023-04-04T17:11:05.166+05:30  WARN 12712 --- [restartedMain] c.e.log4j.logging.LoggingApplication     : this is warn
2023-04-04T17:11:05.166+05:30 ERROR 12712 --- [restartedMain] c.e.log4j.logging.LoggingApplication     : this is fatal
2023-04-04T17:11:10.166+05:30  INFO 12712 --- [task-2] c.e.log4j.logging.LoggingApplication     : schedule time 04-04-2023 17:04:16
2023-04-04T17:11:15.174+05:30  INFO 12712 --- [task-3] c.e.log4j.logging.LoggingApplication     : schedule time 04-04-2023 17:04:17
2023-04-04T17:11:20.266+05:30  INFO 12712 --- [task-4] c.e.log4j.logging.LoggingApplication     : schedule time 04-04-2023 17:04:26
2023-04-04T17:11:25.265+05:30  INFO 12712 --- [task-5] c.e.log4j.logging.LoggingApplication     : schedule time 04-04-2023 17:04:26
2023-04-04T17:11:30.267+05:30  INFO 12712 --- [task-6] c.e.log4j.logging.LoggingApplication     : schedule time 04-04-2023 17:04:26
2023-04-04T17:11:35.270+05:30  INFO 12712 --- [task-7] c.e.log4j.logging.LoggingApplication     : schedule time 04-04-2023 17:04:27
2023-04-04T17:11:40.283+05:30  INFO 12712 --- [task-8] c.e.log4j.logging.LoggingApplication     : schedule time 04-04-2023 17:04:28
2023-04-04T17:11:45.296+05:30  INFO 12712 --- [task-1] c.e.log4j.logging.LoggingApplication     : schedule time 04-04-2023 17:04:29
2023-04-04T17:11:50.312+05:30  INFO 12712 --- [task-2] c.e.log4j.logging.LoggingApplication     : schedule time 04-04-2023 17:04:31
2023-04-04T17:11:55.318+05:30  INFO 12712 --- [task-3] c.e.log4j.logging.LoggingApplication     : schedule time 04-04-2023 17:04:31
2023-04-04T17:12:00.326+05:30  INFO 12712 --- [task-4] c.e.log4j.logging.LoggingApplication     : schedule time 04-04-2023 17:04:32
2023-04-04T17:12:05.330+05:30  INFO 12712 --- [task-5] c.e.log4j.logging.LoggingApplication     : schedule time 04-04-2023 17:04:33
2023-04-04T17:12:10.334+05:30  INFO 12712 --- [task-6] c.e.log4j.logging.LoggingApplication     : schedule time 04-04-2023 17:04:33
2023-04-04T17:12:15.570+05:30  INFO 12712 --- [task-7] c.e.log4j.logging.LoggingApplication     : schedule time 04-04-2023 17:04:56
2023-04-04T17:12:20.574+05:30  INFO 12712 --- [task-8] c.e.log4j.logging.LoggingApplication     : schedule time 04-04-2023 17:04:57
2023-04-04T17:12:25.589+05:30  INFO 12712 --- [task-1] c.e.log4j.logging.LoggingApplication     : schedule time 04-04-2023 17:04:58
2023-04-04T17:12:30.595+05:30  INFO 12712 --- [task-2] c.e.log4j.logging.LoggingApplication     : schedule time 04-04-2023 17:04:59
2023-04-04T17:12:35.601+05:30  INFO 12712 --- [task-3] c.e.log4j.logging.LoggingApplication     : schedule time 04-04-2023 17:04:60
2023-04-04T17:12:40.601+05:30  INFO 12712 --- [task-4] c.e.log4j.logging.LoggingApplication     : schedule time 04-04-2023 17:04:60
2023-04-04T17:12:45.615+05:30  INFO 12712 --- [task-5] c.e.log4j.logging.LoggingApplication     : schedule time 04-04-2023 17:04:61
2023-04-04T17:12:55.426+05:30  INFO 21620 --- [restartedMain] c.e.log4j.logging.LoggingApplication     : Starting LoggingApplication using Java 19.0.2 with PID 21620 (E:\Iauro\logging\logging\target\classes started by lenovo in E:\Iauro\logging\logging)
2023-04-04T17:12:55.429+05:30  INFO 21620 --- [restartedMain] c.e.log4j.logging.LoggingApplication     : No active profile set, falling back to 1 default profile: "default"
2023-04-04T17:12:55.508+05:30  INFO 21620 --- [restartedMain] .e.DevToolsPropertyDefaultsPostProcessor : Devtools property defaults active! Set 'spring.devtools.add-properties' to 'false' to disable
2023-04-04T17:12:55.509+05:30  INFO 21620 --- [restartedMain] .e.DevToolsPropertyDefaultsPostProcessor : For additional web related logging consider setting the 'logging.level.web' property to 'DEBUG'
2023-04-04T17:12:57.054+05:30  INFO 21620 --- [restartedMain] o.s.b.w.embedded.tomcat.TomcatWebServer  : Tomcat initialized with port(s): 8080 (http)
2023-04-04T17:12:57.055+05:30  INFO 21620 --- [restartedMain] o.a.catalina.core.AprLifecycleListener   : An older version [1.2.36] of the Apache Tomcat Native library is installed, while Tomcat recommends a minimum version of [2.0.1]
2023-04-04T17:12:57.055+05:30  INFO 21620 --- [restartedMain] o.a.catalina.core.AprLifecycleListener   : Loaded Apache Tomcat Native library [1.2.36] using APR version [1.7.2].
2023-04-04T17:12:57.059+05:30  INFO 21620 --- [restartedMain] o.a.catalina.core.AprLifecycleListener   : OpenSSL successfully initialized [OpenSSL 1.1.1t  7 Feb 2023]
2023-04-04T17:12:57.073+05:30  INFO 21620 --- [restartedMain] o.apache.catalina.core.StandardService   : Starting service [Tomcat]
2023-04-04T17:12:57.074+05:30  INFO 21620 --- [restartedMain] o.apache.catalina.core.StandardEngine    : Starting Servlet engine: [Apache Tomcat/10.1.5]
2023-04-04T17:12:57.170+05:30  INFO 21620 --- [restartedMain] o.a.c.c.C.[Tomcat].[localhost].[/]       : Initializing Spring embedded WebApplicationContext
2023-04-04T17:12:57.171+05:30  INFO 21620 --- [restartedMain] w.s.c.ServletWebServerApplicationContext : Root WebApplicationContext: initialization completed in 1661 ms
2023-04-04T17:12:57.845+05:30  INFO 21620 --- [restartedMain] o.s.b.d.a.OptionalLiveReloadServer       : LiveReload server is running on port 35729
2023-04-04T17:12:57.917+05:30  INFO 21620 --- [restartedMain] o.s.b.w.embedded.tomcat.TomcatWebServer  : Tomcat started on port(s): 8080 (http) with context path ''
2023-04-04T17:12:57.937+05:30  INFO 21620 --- [restartedMain] c.e.log4j.logging.LoggingApplication     : Started LoggingApplication in 3.085 seconds (process running for 4.485)
2023-04-04T17:12:57.944+05:30  INFO 21620 --- [task-1] c.e.log4j.logging.LoggingApplication     : schedule time 04-04-2023 17:04:94
2023-04-04T17:12:57.944+05:30  INFO 21620 --- [restartedMain] c.e.log4j.logging.LoggingApplication     : this is info
2023-04-04T17:12:57.945+05:30 ERROR 21620 --- [restartedMain] c.e.log4j.logging.LoggingApplication     : this is error
2023-04-04T17:12:57.945+05:30  WARN 21620 --- [restartedMain] c.e.log4j.logging.LoggingApplication     : this is warn
2023-04-04T17:12:57.945+05:30 ERROR 21620 --- [restartedMain] c.e.log4j.logging.LoggingApplication     : this is fatal
2023-04-04T17:13:02.957+05:30  INFO 21620 --- [task-2] c.e.log4j.logging.LoggingApplication     : schedule time 04-04-2023 17:04:95
2023-04-04T17:13:07.967+05:30  INFO 21620 --- [task-3] c.e.log4j.logging.LoggingApplication     : schedule time 04-04-2023 17:04:96
2023-04-04T17:13:13.040+05:30  INFO 21620 --- [task-4] c.e.log4j.logging.LoggingApplication     : schedule time 04-04-2023 17:04:04
